Flow report for rxd_controller
Fri Nov 13 11:52:51 2015
Quartus II 64-Bit Version 13.0.1 Build 232 06/12/2013 Service Pack 1 SJ Full Version


---------------------
; Table of Contents ;
---------------------
  1. Legal Notice
  2. Flow Summary
  3. Flow Settings
  4. Flow Non-Default Global Settings
  5. Flow Elapsed Time
  6. Flow OS Summary
  7. Flow Log
  8. Flow Messages
  9. Flow Suppressed Messages



----------------
; Legal Notice ;
----------------
Copyright (C) 1991-2013 Altera Corporation
Your use of Altera Corporation's design tools, logic functions 
and other software and tools, and its AMPP partner logic 
functions, and any output files from any of the foregoing 
(including device programming or simulation files), and any 
associated documentation or information are expressly subject 
to the terms and conditions of the Altera Program License 
Subscription Agreement, Altera MegaCore Function License 
Agreement, or other applicable license agreement, including, 
without limitation, that your use is for the sole purpose of 
programming logic devices manufactured by Altera and sold by 
Altera or its authorized distributors.  Please refer to the 
applicable agreement for further details.



+---------------------------------------------------------------------------------------+
; Flow Summary                                                                          ;
+------------------------------------+--------------------------------------------------+
; Flow Status                        ; Successful - Fri Nov 13 11:52:51 2015            ;
; Quartus II 64-Bit Version          ; 13.0.1 Build 232 06/12/2013 SP 1 SJ Full Version ;
; Revision Name                      ; rxd_controller                                   ;
; Top-level Entity Name              ; rxd_controller                                   ;
; Family                             ; Cyclone II                                       ;
; Device                             ; EP2C35F672C6                                     ;
; Timing Models                      ; Final                                            ;
; Total logic elements               ; 10 / 33,216 ( < 1 % )                            ;
;     Total combinational functions  ; 10 / 33,216 ( < 1 % )                            ;
;     Dedicated logic registers      ; 4 / 33,216 ( < 1 % )                             ;
; Total registers                    ; 4                                                ;
; Total pins                         ; 12 / 475 ( 3 % )                                 ;
; Total virtual pins                 ; 0                                                ;
; Total memory bits                  ; 0 / 483,840 ( 0 % )                              ;
; Embedded Multiplier 9-bit elements ; 0 / 70 ( 0 % )                                   ;
; Total PLLs                         ; 0 / 4 ( 0 % )                                    ;
+------------------------------------+--------------------------------------------------+


+-----------------------------------------+
; Flow Settings                           ;
+-------------------+---------------------+
; Option            ; Setting             ;
+-------------------+---------------------+
; Start date & time ; 11/13/2015 11:51:43 ;
; Main task         ; Compilation         ;
; Revision Name     ; rxd_controller      ;
+-------------------+---------------------+


+----------------------------------------------------------------------------------------------------------------------+
; Flow Non-Default Global Settings                                                                                     ;
+-------------------------------------+---------------------------------+---------------+-------------+----------------+
; Assignment Name                     ; Value                           ; Default Value ; Entity Name ; Section Id     ;
+-------------------------------------+---------------------------------+---------------+-------------+----------------+
; COMPILER_SIGNATURE_ID               ; 246744077243697.144741550202204 ; --            ; --          ; --             ;
; EDA_GENERATE_FUNCTIONAL_NETLIST     ; On                              ; --            ; --          ; eda_simulation ;
; EDA_OUTPUT_DATA_FORMAT              ; Verilog Hdl                     ; --            ; --          ; eda_simulation ;
; EDA_SIMULATION_TOOL                 ; ModelSim-Altera (Verilog)       ; <None>        ; --          ; --             ;
; MAX_CORE_JUNCTION_TEMP              ; 85                              ; --            ; --          ; --             ;
; MIN_CORE_JUNCTION_TEMP              ; 0                               ; --            ; --          ; --             ;
; PARTITION_COLOR                     ; 16764057                        ; --            ; --          ; Top            ;
; PARTITION_FITTER_PRESERVATION_LEVEL ; PLACEMENT_AND_ROUTING           ; --            ; --          ; Top            ;
; PARTITION_NETLIST_TYPE              ; SOURCE                          ; --            ; --          ; Top            ;
; PROJECT_OUTPUT_DIRECTORY            ; output_files                    ; --            ; --          ; --             ;
+-------------------------------------+---------------------------------+---------------+-------------+----------------+


+-------------------------------------------------------------------------------------------------------------------------------+
; Flow Elapsed Time                                                                                                             ;
+---------------------------+--------------+-------------------------+---------------------+------------------------------------+
; Module Name               ; Elapsed Time ; Average Processors Used ; Peak Virtual Memory ; Total CPU Time (on all processors) ;
+---------------------------+--------------+-------------------------+---------------------+------------------------------------+
; Analysis & Synthesis      ; 00:00:04     ; 1.0                     ; 433 MB              ; 00:00:02                           ;
; Fitter                    ; 00:00:10     ; 1.4                     ; 1089 MB             ; 00:00:11                           ;
; Assembler                 ; 00:00:06     ; 1.0                     ; 424 MB              ; 00:00:03                           ;
; TimeQuest Timing Analyzer ; 00:00:06     ; 1.0                     ; 428 MB              ; 00:00:02                           ;
; EDA Netlist Writer        ; 00:00:02     ; 1.0                     ; 380 MB              ; 00:00:01                           ;
; EDA Netlist Writer        ; 00:00:03     ; 1.0                     ; 388 MB              ; 00:00:01                           ;
; EDA Netlist Writer        ; 00:00:03     ; 1.0                     ; 388 MB              ; 00:00:01                           ;
; Total                     ; 00:00:34     ; --                      ; --                  ; 00:00:21                           ;
+---------------------------+--------------+-------------------------+---------------------+------------------------------------+


+----------------------------------------------------------------------------------------+
; Flow OS Summary                                                                        ;
+---------------------------+------------------+-----------+------------+----------------+
; Module Name               ; Machine Hostname ; OS Name   ; OS Version ; Processor type ;
+---------------------------+------------------+-----------+------------+----------------+
; Analysis & Synthesis      ; EEE6-007         ; Windows 7 ; 6.1        ; x86_64         ;
; Fitter                    ; EEE6-007         ; Windows 7 ; 6.1        ; x86_64         ;
; Assembler                 ; EEE6-007         ; Windows 7 ; 6.1        ; x86_64         ;
; TimeQuest Timing Analyzer ; EEE6-007         ; Windows 7 ; 6.1        ; x86_64         ;
; EDA Netlist Writer        ; EEE6-007         ; Windows 7 ; 6.1        ; x86_64         ;
; EDA Netlist Writer        ; EEE6-007         ; Windows 7 ; 6.1        ; x86_64         ;
; EDA Netlist Writer        ; EEE6-007         ; Windows 7 ; 6.1        ; x86_64         ;
+---------------------------+------------------+-----------+------------+----------------+


------------
; Flow Log ;
------------
quartus_map --read_settings_files=on --write_settings_files=off rxd_controller -c rxd_controller
quartus_fit --read_settings_files=off --write_settings_files=off rxd_controller -c rxd_controller
quartus_asm --read_settings_files=off --write_settings_files=off rxd_controller -c rxd_controller
quartus_sta rxd_controller -c rxd_controller
quartus_eda --read_settings_files=off --write_settings_files=off rxd_controller -c rxd_controller
quartus_eda --gen_testbench --check_outputs=on --tool=modelsim_oem --format=verilog rxd_controller -c rxd_controller --vector_source="M:/UART/RXD _V2/rxd_controller/Waveform.vwf" --testbench_file=./simulation/qsim/rxd_controller.vt
quartus_eda --functional=on --simulation=on --tool=modelsim_oem --format=verilog rxd_controller -c rxd_controller



