Analysis & Synthesis report for IRtransceiver
Thu Dec 17 10:56:20 2015
Quartus II 64-Bit Version 13.0.1 Build 232 06/12/2013 Service Pack 1 SJ Full Version


---------------------
; Table of Contents ;
---------------------
  1. Legal Notice
  2. Analysis & Synthesis Summary
  3. Analysis & Synthesis Settings
  4. Parallel Compilation
  5. Analysis & Synthesis Source Files Read
  6. Analysis & Synthesis Resource Usage Summary
  7. Analysis & Synthesis Resource Utilization by Entity
  8. State Machine - |IRtransceiver|controller:inst|p_state
  9. State Machine - |IRtransceiver|rxd_controller:inst6|p_state
 10. Registers Removed During Synthesis
 11. General Register Statistics
 12. Multiplexer Restructuring Statistics (Restructuring Performed)
 13. Parameter Settings for User Entity Instance: rxd_controller:inst6
 14. Parameter Settings for User Entity Instance: baud_done:inst5
 15. Parameter Settings for User Entity Instance: counter:inst11
 16. Parameter Settings for User Entity Instance: baud_counter:inst4
 17. Parameter Settings for User Entity Instance: controller:inst
 18. Parameter Settings for User Entity Instance: bit_counter:inst12
 19. Elapsed Time Per Partition
 20. Analysis & Synthesis Messages



----------------
; Legal Notice ;
----------------
Copyright (C) 1991-2013 Altera Corporation
Your use of Altera Corporation's design tools, logic functions 
and other software and tools, and its AMPP partner logic 
functions, and any output files from any of the foregoing 
(including device programming or simulation files), and any 
associated documentation or information are expressly subject 
to the terms and conditions of the Altera Program License 
Subscription Agreement, Altera MegaCore Function License 
Agreement, or other applicable license agreement, including, 
without limitation, that your use is for the sole purpose of 
programming logic devices manufactured by Altera and sold by 
Altera or its authorized distributors.  Please refer to the 
applicable agreement for further details.



+---------------------------------------------------------------------------------------+
; Analysis & Synthesis Summary                                                          ;
+------------------------------------+--------------------------------------------------+
; Analysis & Synthesis Status        ; Successful - Thu Dec 17 10:56:20 2015            ;
; Quartus II 64-Bit Version          ; 13.0.1 Build 232 06/12/2013 SP 1 SJ Full Version ;
; Revision Name                      ; IRtransceiver                                    ;
; Top-level Entity Name              ; IRtransceiver                                    ;
; Family                             ; Cyclone II                                       ;
; Total logic elements               ; 125                                              ;
;     Total combinational functions  ; 125                                              ;
;     Dedicated logic registers      ; 62                                               ;
; Total registers                    ; 62                                               ;
; Total pins                         ; 55                                               ;
; Total virtual pins                 ; 0                                                ;
; Total memory bits                  ; 0                                                ;
; Embedded Multiplier 9-bit elements ; 0                                                ;
; Total PLLs                         ; 0                                                ;
+------------------------------------+--------------------------------------------------+


+----------------------------------------------------------------------------------------------------------------------+
; Analysis & Synthesis Settings                                                                                        ;
+----------------------------------------------------------------------------+--------------------+--------------------+
; Option                                                                     ; Setting            ; Default Value      ;
+----------------------------------------------------------------------------+--------------------+--------------------+
; Device                                                                     ; EP2C35F672C6       ;                    ;
; Top-level entity name                                                      ; IRtransceiver      ; IRtransceiver      ;
; Family name                                                                ; Cyclone II         ; Cyclone IV GX      ;
; Use smart compilation                                                      ; Off                ; Off                ;
; Enable parallel Assembler and TimeQuest Timing Analyzer during compilation ; On                 ; On                 ;
; Enable compact report table                                                ; Off                ; Off                ;
; Restructure Multiplexers                                                   ; Auto               ; Auto               ;
; Create Debugging Nodes for IP Cores                                        ; Off                ; Off                ;
; Preserve fewer node names                                                  ; On                 ; On                 ;
; Disable OpenCore Plus hardware evaluation                                  ; Off                ; Off                ;
; Verilog Version                                                            ; Verilog_2001       ; Verilog_2001       ;
; VHDL Version                                                               ; VHDL_1993          ; VHDL_1993          ;
; State Machine Processing                                                   ; Auto               ; Auto               ;
; Safe State Machine                                                         ; Off                ; Off                ;
; Extract Verilog State Machines                                             ; On                 ; On                 ;
; Extract VHDL State Machines                                                ; On                 ; On                 ;
; Ignore Verilog initial constructs                                          ; Off                ; Off                ;
; Iteration limit for constant Verilog loops                                 ; 5000               ; 5000               ;
; Iteration limit for non-constant Verilog loops                             ; 250                ; 250                ;
; Add Pass-Through Logic to Inferred RAMs                                    ; On                 ; On                 ;
; Infer RAMs from Raw Logic                                                  ; On                 ; On                 ;
; Parallel Synthesis                                                         ; On                 ; On                 ;
; DSP Block Balancing                                                        ; Auto               ; Auto               ;
; NOT Gate Push-Back                                                         ; On                 ; On                 ;
; Power-Up Don't Care                                                        ; On                 ; On                 ;
; Remove Redundant Logic Cells                                               ; Off                ; Off                ;
; Remove Duplicate Registers                                                 ; On                 ; On                 ;
; Ignore CARRY Buffers                                                       ; Off                ; Off                ;
; Ignore CASCADE Buffers                                                     ; Off                ; Off                ;
; Ignore GLOBAL Buffers                                                      ; Off                ; Off                ;
; Ignore ROW GLOBAL Buffers                                                  ; Off                ; Off                ;
; Ignore LCELL Buffers                                                       ; Off                ; Off                ;
; Ignore SOFT Buffers                                                        ; On                 ; On                 ;
; Limit AHDL Integers to 32 Bits                                             ; Off                ; Off                ;
; Optimization Technique                                                     ; Balanced           ; Balanced           ;
; Carry Chain Length                                                         ; 70                 ; 70                 ;
; Auto Carry Chains                                                          ; On                 ; On                 ;
; Auto Open-Drain Pins                                                       ; On                 ; On                 ;
; Perform WYSIWYG Primitive Resynthesis                                      ; Off                ; Off                ;
; Auto ROM Replacement                                                       ; On                 ; On                 ;
; Auto RAM Replacement                                                       ; On                 ; On                 ;
; Auto Shift Register Replacement                                            ; Auto               ; Auto               ;
; Allow Shift Register Merging across Hierarchies                            ; Auto               ; Auto               ;
; Auto Clock Enable Replacement                                              ; On                 ; On                 ;
; Strict RAM Replacement                                                     ; Off                ; Off                ;
; Allow Synchronous Control Signals                                          ; On                 ; On                 ;
; Force Use of Synchronous Clear Signals                                     ; Off                ; Off                ;
; Auto RAM to Logic Cell Conversion                                          ; Off                ; Off                ;
; Auto Resource Sharing                                                      ; Off                ; Off                ;
; Allow Any RAM Size For Recognition                                         ; Off                ; Off                ;
; Allow Any ROM Size For Recognition                                         ; Off                ; Off                ;
; Allow Any Shift Register Size For Recognition                              ; Off                ; Off                ;
; Use LogicLock Constraints during Resource Balancing                        ; On                 ; On                 ;
; Ignore translate_off and synthesis_off directives                          ; Off                ; Off                ;
; Timing-Driven Synthesis                                                    ; Off                ; Off                ;
; Report Parameter Settings                                                  ; On                 ; On                 ;
; Report Source Assignments                                                  ; On                 ; On                 ;
; Report Connectivity Checks                                                 ; On                 ; On                 ;
; Ignore Maximum Fan-Out Assignments                                         ; Off                ; Off                ;
; Synchronization Register Chain Length                                      ; 2                  ; 2                  ;
; PowerPlay Power Optimization                                               ; Normal compilation ; Normal compilation ;
; HDL message level                                                          ; Level2             ; Level2             ;
; Suppress Register Optimization Related Messages                            ; Off                ; Off                ;
; Number of Removed Registers Reported in Synthesis Report                   ; 5000               ; 5000               ;
; Number of Swept Nodes Reported in Synthesis Report                         ; 5000               ; 5000               ;
; Number of Inverted Registers Reported in Synthesis Report                  ; 100                ; 100                ;
; Clock MUX Protection                                                       ; On                 ; On                 ;
; Auto Gated Clock Conversion                                                ; Off                ; Off                ;
; Block Design Naming                                                        ; Auto               ; Auto               ;
; SDC constraint protection                                                  ; Off                ; Off                ;
; Synthesis Effort                                                           ; Auto               ; Auto               ;
; Shift Register Replacement - Allow Asynchronous Clear Signal               ; On                 ; On                 ;
; Pre-Mapping Resynthesis Optimization                                       ; Off                ; Off                ;
; Analysis & Synthesis Message Level                                         ; Medium             ; Medium             ;
; Disable Register Merging Across Hierarchies                                ; Auto               ; Auto               ;
; Resource Aware Inference For Block RAM                                     ; On                 ; On                 ;
; Synthesis Seed                                                             ; 1                  ; 1                  ;
+----------------------------------------------------------------------------+--------------------+--------------------+


+------------------------------------------+
; Parallel Compilation                     ;
+----------------------------+-------------+
; Processors                 ; Number      ;
+----------------------------+-------------+
; Number detected on machine ; 8           ;
; Maximum allowed            ; 4           ;
;                            ;             ;
; Average used               ; 1.00        ;
; Maximum used               ; 1           ;
;                            ;             ;
; Usage by Processor         ; % Time Used ;
;     Processor 1            ; 100.0%      ;
;     Processors 2-8         ;   0.0%      ;
+----------------------------+-------------+


+----------------------------------------------------------------------------------------------------------------------------------------------------------------------------------------------+
; Analysis & Synthesis Source Files Read                                                                                                                                                       ;
+--------------------------------------------+-----------------+------------------------------------+--------------------------------------------------------------------------------+---------+
; File Name with User-Entered Path           ; Used in Netlist ; File Type                          ; File Name with Absolute Path                                                   ; Library ;
+--------------------------------------------+-----------------+------------------------------------+--------------------------------------------------------------------------------+---------+
; ../TXD_V2/Inverter/Inverter.v              ; yes             ; User Verilog HDL File              ; H:/Liverpool/ELEC373/Assignment 2/IRDA/TXD_V2/Inverter/Inverter.v              ;         ;
; ../RXD _V2/seg2/seg2.v                     ; yes             ; User Verilog HDL File              ; H:/Liverpool/ELEC373/Assignment 2/IRDA/RXD _V2/seg2/seg2.v                     ;         ;
; ../RXD _V2/seg/seg.v                       ; yes             ; User Verilog HDL File              ; H:/Liverpool/ELEC373/Assignment 2/IRDA/RXD _V2/seg/seg.v                       ;         ;
; ../RXD _V2/rxd_shift/rxd_shift.v           ; yes             ; User Verilog HDL File              ; H:/Liverpool/ELEC373/Assignment 2/IRDA/RXD _V2/rxd_shift/rxd_shift.v           ;         ;
; ../RXD _V2/rxd_parity/rxd_parity.v         ; yes             ; User Verilog HDL File              ; H:/Liverpool/ELEC373/Assignment 2/IRDA/RXD _V2/rxd_parity/rxd_parity.v         ;         ;
; ../RXD _V2/rxd_controller/rxd_controller.v ; yes             ; User Verilog HDL File              ; H:/Liverpool/ELEC373/Assignment 2/IRDA/RXD _V2/rxd_controller/rxd_controller.v ;         ;
; ../RXD _V2/counter/counter.v               ; yes             ; User Verilog HDL File              ; H:/Liverpool/ELEC373/Assignment 2/IRDA/RXD _V2/counter/counter.v               ;         ;
; ../RXD _V2/baud_done/baud_done.v           ; yes             ; User Verilog HDL File              ; H:/Liverpool/ELEC373/Assignment 2/IRDA/RXD _V2/baud_done/baud_done.v           ;         ;
; ../TXD_V2/shift.v                          ; yes             ; User Verilog HDL File              ; H:/Liverpool/ELEC373/Assignment 2/IRDA/TXD_V2/shift.v                          ;         ;
; ../TXD_V2/parity.v                         ; yes             ; User Verilog HDL File              ; H:/Liverpool/ELEC373/Assignment 2/IRDA/TXD_V2/parity.v                         ;         ;
; ../TXD_V2/controller.v                     ; yes             ; User Verilog HDL File              ; H:/Liverpool/ELEC373/Assignment 2/IRDA/TXD_V2/controller.v                     ;         ;
; ../TXD_V2/bit_counter.v                    ; yes             ; User Verilog HDL File              ; H:/Liverpool/ELEC373/Assignment 2/IRDA/TXD_V2/bit_counter.v                    ;         ;
; ../TXD_V2/baud_counter.v                   ; yes             ; User Verilog HDL File              ; H:/Liverpool/ELEC373/Assignment 2/IRDA/TXD_V2/baud_counter.v                   ;         ;
; IRtransceiver.bdf                          ; yes             ; User Block Diagram/Schematic File  ; H:/Liverpool/ELEC373/Assignment 2/IRDA/IRtransceiver/IRtransceiver.bdf         ;         ;
+--------------------------------------------+-----------------+------------------------------------+--------------------------------------------------------------------------------+---------+


+-----------------------------------------------------+
; Analysis & Synthesis Resource Usage Summary         ;
+---------------------------------------------+-------+
; Resource                                    ; Usage ;
+---------------------------------------------+-------+
; Estimated Total logic elements              ; 125   ;
;                                             ;       ;
; Total combinational functions               ; 125   ;
; Logic element usage by number of LUT inputs ;       ;
;     -- 4 input functions                    ; 69    ;
;     -- 3 input functions                    ; 7     ;
;     -- <=2 input functions                  ; 49    ;
;                                             ;       ;
; Logic elements by mode                      ;       ;
;     -- normal mode                          ; 95    ;
;     -- arithmetic mode                      ; 30    ;
;                                             ;       ;
; Total registers                             ; 62    ;
;     -- Dedicated logic registers            ; 62    ;
;     -- I/O registers                        ; 0     ;
;                                             ;       ;
; I/O pins                                    ; 55    ;
; Embedded Multiplier 9-bit elements          ; 0     ;
; Maximum fan-out node                        ; clk   ;
; Maximum fan-out                             ; 62    ;
; Total fan-out                               ; 634   ;
; Average fan-out                             ; 2.62  ;
+---------------------------------------------+-------+


+---------------------------------------------------------------------------------------------------------------------------------------------------------------------------------------------+
; Analysis & Synthesis Resource Utilization by Entity                                                                                                                                         ;
+----------------------------+-------------------+--------------+-------------+--------------+---------+-----------+------+--------------+-------------------------------------+--------------+
; Compilation Hierarchy Node ; LC Combinationals ; LC Registers ; Memory Bits ; DSP Elements ; DSP 9x9 ; DSP 18x18 ; Pins ; Virtual Pins ; Full Hierarchy Name                 ; Library Name ;
+----------------------------+-------------------+--------------+-------------+--------------+---------+-----------+------+--------------+-------------------------------------+--------------+
; |IRtransceiver             ; 125 (0)           ; 62 (0)       ; 0           ; 0            ; 0       ; 0         ; 55   ; 0            ; |IRtransceiver                      ; work         ;
;    |Inverter:inst3|        ; 1 (1)             ; 0 (0)        ; 0           ; 0            ; 0       ; 0         ; 0    ; 0            ; |IRtransceiver|Inverter:inst3       ; work         ;
;    |baud_counter:inst4|    ; 22 (22)           ; 12 (12)      ; 0           ; 0            ; 0       ; 0         ; 0    ; 0            ; |IRtransceiver|baud_counter:inst4   ; work         ;
;    |baud_done:inst5|       ; 19 (19)           ; 12 (12)      ; 0           ; 0            ; 0       ; 0         ; 0    ; 0            ; |IRtransceiver|baud_done:inst5      ; work         ;
;    |bit_counter:inst12|    ; 7 (7)             ; 5 (5)        ; 0           ; 0            ; 0       ; 0         ; 0    ; 0            ; |IRtransceiver|bit_counter:inst12   ; work         ;
;    |controller:inst|       ; 4 (4)             ; 2 (2)        ; 0           ; 0            ; 0       ; 0         ; 0    ; 0            ; |IRtransceiver|controller:inst      ; work         ;
;    |counter:inst11|        ; 8 (8)             ; 5 (5)        ; 0           ; 0            ; 0       ; 0         ; 0    ; 0            ; |IRtransceiver|counter:inst11       ; work         ;
;    |parity:inst1|          ; 3 (3)             ; 0 (0)        ; 0           ; 0            ; 0       ; 0         ; 0    ; 0            ; |IRtransceiver|parity:inst1         ; work         ;
;    |rxd_controller:inst6|  ; 7 (7)             ; 4 (4)        ; 0           ; 0            ; 0       ; 0         ; 0    ; 0            ; |IRtransceiver|rxd_controller:inst6 ; work         ;
;    |rxd_parity:inst8|      ; 4 (4)             ; 0 (0)        ; 0           ; 0            ; 0       ; 0         ; 0    ; 0            ; |IRtransceiver|rxd_parity:inst8     ; work         ;
;    |rxd_shift:inst15|      ; 22 (22)           ; 10 (10)      ; 0           ; 0            ; 0       ; 0         ; 0    ; 0            ; |IRtransceiver|rxd_shift:inst15     ; work         ;
;    |seg2:inst19|           ; 7 (7)             ; 0 (0)        ; 0           ; 0            ; 0       ; 0         ; 0    ; 0            ; |IRtransceiver|seg2:inst19          ; work         ;
;    |seg:inst18|            ; 7 (7)             ; 0 (0)        ; 0           ; 0            ; 0       ; 0         ; 0    ; 0            ; |IRtransceiver|seg:inst18           ; work         ;
;    |shift:inst2|           ; 14 (14)           ; 12 (12)      ; 0           ; 0            ; 0       ; 0         ; 0    ; 0            ; |IRtransceiver|shift:inst2          ; work         ;
+----------------------------+-------------------+--------------+-------------+--------------+---------+-----------+------+--------------+-------------------------------------+--------------+
Note: For table entries with two numbers listed, the numbers in parentheses indicate the number of resources of the given type used by the specific entity alone. The numbers listed outside of parentheses indicate the total resources of the given type used by the specific entity and all of its sub-entities in the hierarchy.


Encoding Type:  One-Hot
+--------------------------------------------------------+
; State Machine - |IRtransceiver|controller:inst|p_state ;
+-------------+-------------+-------------+--------------+
; Name        ; p_state.S_1 ; p_state.S_3 ; p_state.S_2  ;
+-------------+-------------+-------------+--------------+
; p_state.S_1 ; 0           ; 0           ; 0            ;
; p_state.S_2 ; 1           ; 0           ; 1            ;
; p_state.S_3 ; 1           ; 1           ; 0            ;
+-------------+-------------+-------------+--------------+


Encoding Type:  One-Hot
+---------------------------------------------------------------------+
; State Machine - |IRtransceiver|rxd_controller:inst6|p_state         ;
+-------------+-------------+-------------+-------------+-------------+
; Name        ; p_state.S_4 ; p_state.S_3 ; p_state.S_2 ; p_state.S_1 ;
+-------------+-------------+-------------+-------------+-------------+
; p_state.S_1 ; 0           ; 0           ; 0           ; 0           ;
; p_state.S_2 ; 0           ; 0           ; 1           ; 1           ;
; p_state.S_3 ; 0           ; 1           ; 0           ; 1           ;
; p_state.S_4 ; 1           ; 0           ; 0           ; 1           ;
+-------------+-------------+-------------+-------------+-------------+


+------------------------------------------------------------+
; Registers Removed During Synthesis                         ;
+---------------------------------------+--------------------+
; Register name                         ; Reason for Removal ;
+---------------------------------------+--------------------+
; rxd_controller:inst6|p_state~2        ; Lost fanout        ;
; rxd_controller:inst6|p_state~3        ; Lost fanout        ;
; controller:inst|p_state.S_3           ; Lost fanout        ;
; Total Number of Removed Registers = 3 ;                    ;
+---------------------------------------+--------------------+


+------------------------------------------------------+
; General Register Statistics                          ;
+----------------------------------------------+-------+
; Statistic                                    ; Value ;
+----------------------------------------------+-------+
; Total registers                              ; 62    ;
; Number of registers using Synchronous Clear  ; 48    ;
; Number of registers using Synchronous Load   ; 0     ;
; Number of registers using Asynchronous Clear ; 0     ;
; Number of registers using Asynchronous Load  ; 0     ;
; Number of registers using Clock Enable       ; 31    ;
; Number of registers using Preset             ; 0     ;
+----------------------------------------------+-------+


+-------------------------------------------------------------------------------------------------------------------------------------------------------------+
; Multiplexer Restructuring Statistics (Restructuring Performed)                                                                                              ;
+--------------------+-----------+---------------+----------------------+------------------------+------------+-----------------------------------------------+
; Multiplexer Inputs ; Bus Width ; Baseline Area ; Area if Restructured ; Saving if Restructured ; Registered ; Example Multiplexer Output                    ;
+--------------------+-----------+---------------+----------------------+------------------------+------------+-----------------------------------------------+
; 3:1                ; 12 bits   ; 24 LEs        ; 12 LEs               ; 12 LEs                 ; Yes        ; |IRtransceiver|baud_counter:inst4|p_count[10] ;
; 3:1                ; 12 bits   ; 24 LEs        ; 12 LEs               ; 12 LEs                 ; Yes        ; |IRtransceiver|baud_done:inst5|p_count[9]     ;
; 3:1                ; 10 bits   ; 20 LEs        ; 10 LEs               ; 10 LEs                 ; Yes        ; |IRtransceiver|rxd_shift:inst15|pshift[8]     ;
; 4:1                ; 5 bits    ; 10 LEs        ; 5 LEs                ; 5 LEs                  ; Yes        ; |IRtransceiver|bit_counter:inst12|p_cnt[3]    ;
; 4:1                ; 5 bits    ; 10 LEs        ; 5 LEs                ; 5 LEs                  ; Yes        ; |IRtransceiver|counter:inst11|p_cnt[3]        ;
; 4:1                ; 2 bits    ; 4 LEs         ; 2 LEs                ; 2 LEs                  ; Yes        ; |IRtransceiver|shift:inst2|pshift[0]          ;
; 4:1                ; 9 bits    ; 18 LEs        ; 18 LEs               ; 0 LEs                  ; Yes        ; |IRtransceiver|shift:inst2|pshift[2]          ;
; 3:1                ; 2 bits    ; 4 LEs         ; 4 LEs                ; 0 LEs                  ; No         ; |IRtransceiver|controller:inst|n_state        ;
; 3:1                ; 2 bits    ; 4 LEs         ; 4 LEs                ; 0 LEs                  ; No         ; |IRtransceiver|rxd_controller:inst6|n_state   ;
+--------------------+-----------+---------------+----------------------+------------------------+------------+-----------------------------------------------+


+-------------------------------------------------------------------+
; Parameter Settings for User Entity Instance: rxd_controller:inst6 ;
+----------------+-------+------------------------------------------+
; Parameter Name ; Value ; Type                                     ;
+----------------+-------+------------------------------------------+
; S_1            ; 00    ; Unsigned Binary                          ;
; S_2            ; 01    ; Unsigned Binary                          ;
; S_3            ; 10    ; Unsigned Binary                          ;
; S_4            ; 11    ; Unsigned Binary                          ;
+----------------+-------+------------------------------------------+
Note: In order to hide this table in the UI and the text report file, please set the "Show Parameter Settings in Synthesis Report" option in "Analysis and Synthesis Settings -> More Settings" to "Off".


+--------------------------------------------------------------+
; Parameter Settings for User Entity Instance: baud_done:inst5 ;
+----------------+--------------+------------------------------+
; Parameter Name ; Value        ; Type                         ;
+----------------+--------------+------------------------------+
; delay_baud     ; 000000111100 ; Unsigned Binary              ;
; my_baud        ; 010100010101 ; Unsigned Binary              ;
+----------------+--------------+------------------------------+
Note: In order to hide this table in the UI and the text report file, please set the "Show Parameter Settings in Synthesis Report" option in "Analysis and Synthesis Settings -> More Settings" to "Off".


+-------------------------------------------------------------+
; Parameter Settings for User Entity Instance: counter:inst11 ;
+----------------+-------+------------------------------------+
; Parameter Name ; Value ; Type                               ;
+----------------+-------+------------------------------------+
; no_bit         ; 1010  ; Unsigned Binary                    ;
+----------------+-------+------------------------------------+
Note: In order to hide this table in the UI and the text report file, please set the "Show Parameter Settings in Synthesis Report" option in "Analysis and Synthesis Settings -> More Settings" to "Off".


+-----------------------------------------------------------------+
; Parameter Settings for User Entity Instance: baud_counter:inst4 ;
+----------------+--------------+---------------------------------+
; Parameter Name ; Value        ; Type                            ;
+----------------+--------------+---------------------------------+
; half_baud      ; 001010001011 ; Unsigned Binary                 ;
; IR_baud        ; 000011110100 ; Unsigned Binary                 ;
; my_baud        ; 010100010110 ; Unsigned Binary                 ;
+----------------+--------------+---------------------------------+
Note: In order to hide this table in the UI and the text report file, please set the "Show Parameter Settings in Synthesis Report" option in "Analysis and Synthesis Settings -> More Settings" to "Off".


+--------------------------------------------------------------+
; Parameter Settings for User Entity Instance: controller:inst ;
+----------------+-------+-------------------------------------+
; Parameter Name ; Value ; Type                                ;
+----------------+-------+-------------------------------------+
; S_1            ; 00    ; Unsigned Binary                     ;
; S_2            ; 01    ; Unsigned Binary                     ;
; S_3            ; 10    ; Unsigned Binary                     ;
+----------------+-------+-------------------------------------+
Note: In order to hide this table in the UI and the text report file, please set the "Show Parameter Settings in Synthesis Report" option in "Analysis and Synthesis Settings -> More Settings" to "Off".


+-----------------------------------------------------------------+
; Parameter Settings for User Entity Instance: bit_counter:inst12 ;
+----------------+-------+----------------------------------------+
; Parameter Name ; Value ; Type                                   ;
+----------------+-------+----------------------------------------+
; no_bit         ; 12    ; Signed Integer                         ;
+----------------+-------+----------------------------------------+
Note: In order to hide this table in the UI and the text report file, please set the "Show Parameter Settings in Synthesis Report" option in "Analysis and Synthesis Settings -> More Settings" to "Off".


+-------------------------------+
; Elapsed Time Per Partition    ;
+----------------+--------------+
; Partition Name ; Elapsed Time ;
+----------------+--------------+
; Top            ; 00:00:01     ;
+----------------+--------------+


+-------------------------------+
; Analysis & Synthesis Messages ;
+-------------------------------+
Info: *******************************************************************
Info: Running Quartus II 64-Bit Analysis & Synthesis
    Info: Version 13.0.1 Build 232 06/12/2013 Service Pack 1 SJ Full Version
    Info: Processing started: Thu Dec 17 10:56:13 2015
Info: Command: quartus_map --read_settings_files=on --write_settings_files=off IRtransceiver -c IRtransceiver
Info (11104): Parallel Compilation has detected 8 hyper-threaded processors. However, the extra hyper-threaded processors will not be used by default. Parallel Compilation will use 4 of the 4 physical processors detected instead.
Info (12021): Found 1 design units, including 1 entities, in source file /liverpool/elec373/assignment 2/irda/txd_v2/inverter/inverter.v
    Info (12023): Found entity 1: Inverter
Info (12021): Found 1 design units, including 1 entities, in source file /liverpool/elec373/assignment 2/irda/rxd _v2/seg2/seg2.v
    Info (12023): Found entity 1: seg2
Info (12021): Found 1 design units, including 1 entities, in source file /liverpool/elec373/assignment 2/irda/rxd _v2/seg/seg.v
    Info (12023): Found entity 1: seg
Info (12021): Found 1 design units, including 1 entities, in source file /liverpool/elec373/assignment 2/irda/rxd _v2/rxd_shift/rxd_shift.v
    Info (12023): Found entity 1: rxd_shift
Info (12021): Found 1 design units, including 1 entities, in source file /liverpool/elec373/assignment 2/irda/rxd _v2/rxd_parity/rxd_parity.v
    Info (12023): Found entity 1: rxd_parity
Info (12021): Found 1 design units, including 1 entities, in source file /liverpool/elec373/assignment 2/irda/rxd _v2/rxd_controller/rxd_controller.v
    Info (12023): Found entity 1: rxd_controller
Info (12021): Found 1 design units, including 1 entities, in source file /liverpool/elec373/assignment 2/irda/rxd _v2/counter/counter.v
    Info (12023): Found entity 1: counter
Info (12021): Found 1 design units, including 1 entities, in source file /liverpool/elec373/assignment 2/irda/rxd _v2/baud_done/baud_done.v
    Info (12023): Found entity 1: baud_done
Info (12021): Found 1 design units, including 1 entities, in source file /liverpool/elec373/assignment 2/irda/txd_v2/shift.v
    Info (12023): Found entity 1: shift
Info (12021): Found 1 design units, including 1 entities, in source file /liverpool/elec373/assignment 2/irda/txd_v2/parity.v
    Info (12023): Found entity 1: parity
Info (12021): Found 1 design units, including 1 entities, in source file /liverpool/elec373/assignment 2/irda/txd_v2/controller.v
    Info (12023): Found entity 1: controller
Info (12021): Found 1 design units, including 1 entities, in source file /liverpool/elec373/assignment 2/irda/txd_v2/bit_counter.v
    Info (12023): Found entity 1: bit_counter
Info (12021): Found 1 design units, including 1 entities, in source file /liverpool/elec373/assignment 2/irda/txd_v2/baud_counter.v
    Info (12023): Found entity 1: baud_counter
Info (12021): Found 1 design units, including 1 entities, in source file irtransceiver.bdf
    Info (12023): Found entity 1: IRtransceiver
Info (12127): Elaborating entity "IRtransceiver" for the top level hierarchy
Warning (275011): Block or symbol "shift" of instance "inst2" overlaps another block or symbol
Warning (275011): Block or symbol "counter" of instance "inst11" overlaps another block or symbol
Warning (275011): Block or symbol "bit_counter" of instance "inst12" overlaps another block or symbol
Warning (275011): Block or symbol "rxd_controller" of instance "inst6" overlaps another block or symbol
Info (12128): Elaborating entity "rxd_parity" for hierarchy "rxd_parity:inst8"
Info (12128): Elaborating entity "rxd_controller" for hierarchy "rxd_controller:inst6"
Info (12128): Elaborating entity "baud_done" for hierarchy "baud_done:inst5"
Info (12128): Elaborating entity "counter" for hierarchy "counter:inst11"
Info (12128): Elaborating entity "rxd_shift" for hierarchy "rxd_shift:inst15"
Info (12128): Elaborating entity "Inverter" for hierarchy "Inverter:inst3"
Info (12128): Elaborating entity "baud_counter" for hierarchy "baud_counter:inst4"
Info (12128): Elaborating entity "controller" for hierarchy "controller:inst"
Info (12128): Elaborating entity "bit_counter" for hierarchy "bit_counter:inst12"
Info (12128): Elaborating entity "shift" for hierarchy "shift:inst2"
Info (12128): Elaborating entity "parity" for hierarchy "parity:inst1"
Info (12128): Elaborating entity "seg2" for hierarchy "seg2:inst19"
Info (12128): Elaborating entity "seg" for hierarchy "seg:inst18"
Warning (13024): Output pins are stuck at VCC or GND
    Warning (13410): Pin "parity[11]" is stuck at VCC
    Warning (13410): Pin "parity[1]" is stuck at GND
    Warning (13410): Pin "parity[0]" is stuck at VCC
Info (17049): 3 registers lost all their fanouts during netlist optimizations.
Info (16010): Generating hard_block partition "hard_block:auto_generated_inst"
    Info (16011): Adding 0 node(s), including 0 DDIO, 0 PLL, 0 transceiver and 0 LCELL
Info (21057): Implemented 180 device resources after synthesis - the final resource count might be different
    Info (21058): Implemented 12 input pins
    Info (21059): Implemented 43 output pins
    Info (21061): Implemented 125 logic cells
Info: Quartus II 64-Bit Analysis & Synthesis was successful. 0 errors, 8 warnings
    Info: Peak virtual memory: 497 megabytes
    Info: Processing ended: Thu Dec 17 10:56:20 2015
    Info: Elapsed time: 00:00:07
    Info: Total CPU time (on all processors): 00:00:01


