Analysis & Synthesis report for receiver
Mon Dec 07 15:17:38 2015
Quartus II 64-Bit Version 13.0.1 Build 232 06/12/2013 Service Pack 1 SJ Full Version


---------------------
; Table of Contents ;
---------------------
  1. Legal Notice
  2. Analysis & Synthesis Summary
  3. Analysis & Synthesis Settings
  4. Parallel Compilation
  5. Analysis & Synthesis Source Files Read
  6. Analysis & Synthesis Resource Usage Summary
  7. Analysis & Synthesis Resource Utilization by Entity
  8. State Machine - |receiver|rxd_controller:inst|p_state
  9. User-Specified and Inferred Latches
 10. Registers Removed During Synthesis
 11. General Register Statistics
 12. Multiplexer Restructuring Statistics (Restructuring Performed)
 13. Parameter Settings for User Entity Instance: rxd_controller:inst
 14. Parameter Settings for User Entity Instance: baud_done:inst6
 15. Parameter Settings for User Entity Instance: counter:inst9
 16. Elapsed Time Per Partition
 17. Analysis & Synthesis Messages



----------------
; Legal Notice ;
----------------
Copyright (C) 1991-2013 Altera Corporation
Your use of Altera Corporation's design tools, logic functions 
and other software and tools, and its AMPP partner logic 
functions, and any output files from any of the foregoing 
(including device programming or simulation files), and any 
associated documentation or information are expressly subject 
to the terms and conditions of the Altera Program License 
Subscription Agreement, Altera MegaCore Function License 
Agreement, or other applicable license agreement, including, 
without limitation, that your use is for the sole purpose of 
programming logic devices manufactured by Altera and sold by 
Altera or its authorized distributors.  Please refer to the 
applicable agreement for further details.



+---------------------------------------------------------------------------------------+
; Analysis & Synthesis Summary                                                          ;
+------------------------------------+--------------------------------------------------+
; Analysis & Synthesis Status        ; Successful - Mon Dec 07 15:17:37 2015            ;
; Quartus II 64-Bit Version          ; 13.0.1 Build 232 06/12/2013 SP 1 SJ Full Version ;
; Revision Name                      ; receiver                                         ;
; Top-level Entity Name              ; receiver                                         ;
; Family                             ; Cyclone II                                       ;
; Total logic elements               ; 73                                               ;
;     Total combinational functions  ; 73                                               ;
;     Dedicated logic registers      ; 31                                               ;
; Total registers                    ; 31                                               ;
; Total pins                         ; 19                                               ;
; Total virtual pins                 ; 0                                                ;
; Total memory bits                  ; 0                                                ;
; Embedded Multiplier 9-bit elements ; 0                                                ;
; Total PLLs                         ; 0                                                ;
+------------------------------------+--------------------------------------------------+


+----------------------------------------------------------------------------------------------------------------------+
; Analysis & Synthesis Settings                                                                                        ;
+----------------------------------------------------------------------------+--------------------+--------------------+
; Option                                                                     ; Setting            ; Default Value      ;
+----------------------------------------------------------------------------+--------------------+--------------------+
; Device                                                                     ; EP2C35F672C6       ;                    ;
; Top-level entity name                                                      ; receiver           ; receiver           ;
; Family name                                                                ; Cyclone II         ; Cyclone IV GX      ;
; Use smart compilation                                                      ; Off                ; Off                ;
; Enable parallel Assembler and TimeQuest Timing Analyzer during compilation ; On                 ; On                 ;
; Enable compact report table                                                ; Off                ; Off                ;
; Restructure Multiplexers                                                   ; Auto               ; Auto               ;
; Create Debugging Nodes for IP Cores                                        ; Off                ; Off                ;
; Preserve fewer node names                                                  ; On                 ; On                 ;
; Disable OpenCore Plus hardware evaluation                                  ; Off                ; Off                ;
; Verilog Version                                                            ; Verilog_2001       ; Verilog_2001       ;
; VHDL Version                                                               ; VHDL_1993          ; VHDL_1993          ;
; State Machine Processing                                                   ; Auto               ; Auto               ;
; Safe State Machine                                                         ; Off                ; Off                ;
; Extract Verilog State Machines                                             ; On                 ; On                 ;
; Extract VHDL State Machines                                                ; On                 ; On                 ;
; Ignore Verilog initial constructs                                          ; Off                ; Off                ;
; Iteration limit for constant Verilog loops                                 ; 5000               ; 5000               ;
; Iteration limit for non-constant Verilog loops                             ; 250                ; 250                ;
; Add Pass-Through Logic to Inferred RAMs                                    ; On                 ; On                 ;
; Infer RAMs from Raw Logic                                                  ; On                 ; On                 ;
; Parallel Synthesis                                                         ; On                 ; On                 ;
; DSP Block Balancing                                                        ; Auto               ; Auto               ;
; NOT Gate Push-Back                                                         ; On                 ; On                 ;
; Power-Up Don't Care                                                        ; On                 ; On                 ;
; Remove Redundant Logic Cells                                               ; Off                ; Off                ;
; Remove Duplicate Registers                                                 ; On                 ; On                 ;
; Ignore CARRY Buffers                                                       ; Off                ; Off                ;
; Ignore CASCADE Buffers                                                     ; Off                ; Off                ;
; Ignore GLOBAL Buffers                                                      ; Off                ; Off                ;
; Ignore ROW GLOBAL Buffers                                                  ; Off                ; Off                ;
; Ignore LCELL Buffers                                                       ; Off                ; Off                ;
; Ignore SOFT Buffers                                                        ; On                 ; On                 ;
; Limit AHDL Integers to 32 Bits                                             ; Off                ; Off                ;
; Optimization Technique                                                     ; Balanced           ; Balanced           ;
; Carry Chain Length                                                         ; 70                 ; 70                 ;
; Auto Carry Chains                                                          ; On                 ; On                 ;
; Auto Open-Drain Pins                                                       ; On                 ; On                 ;
; Perform WYSIWYG Primitive Resynthesis                                      ; Off                ; Off                ;
; Auto ROM Replacement                                                       ; On                 ; On                 ;
; Auto RAM Replacement                                                       ; On                 ; On                 ;
; Auto Shift Register Replacement                                            ; Auto               ; Auto               ;
; Allow Shift Register Merging across Hierarchies                            ; Auto               ; Auto               ;
; Auto Clock Enable Replacement                                              ; On                 ; On                 ;
; Strict RAM Replacement                                                     ; Off                ; Off                ;
; Allow Synchronous Control Signals                                          ; On                 ; On                 ;
; Force Use of Synchronous Clear Signals                                     ; Off                ; Off                ;
; Auto RAM to Logic Cell Conversion                                          ; Off                ; Off                ;
; Auto Resource Sharing                                                      ; Off                ; Off                ;
; Allow Any RAM Size For Recognition                                         ; Off                ; Off                ;
; Allow Any ROM Size For Recognition                                         ; Off                ; Off                ;
; Allow Any Shift Register Size For Recognition                              ; Off                ; Off                ;
; Use LogicLock Constraints during Resource Balancing                        ; On                 ; On                 ;
; Ignore translate_off and synthesis_off directives                          ; Off                ; Off                ;
; Timing-Driven Synthesis                                                    ; Off                ; Off                ;
; Report Parameter Settings                                                  ; On                 ; On                 ;
; Report Source Assignments                                                  ; On                 ; On                 ;
; Report Connectivity Checks                                                 ; On                 ; On                 ;
; Ignore Maximum Fan-Out Assignments                                         ; Off                ; Off                ;
; Synchronization Register Chain Length                                      ; 2                  ; 2                  ;
; PowerPlay Power Optimization                                               ; Normal compilation ; Normal compilation ;
; HDL message level                                                          ; Level2             ; Level2             ;
; Suppress Register Optimization Related Messages                            ; Off                ; Off                ;
; Number of Removed Registers Reported in Synthesis Report                   ; 5000               ; 5000               ;
; Number of Swept Nodes Reported in Synthesis Report                         ; 5000               ; 5000               ;
; Number of Inverted Registers Reported in Synthesis Report                  ; 100                ; 100                ;
; Clock MUX Protection                                                       ; On                 ; On                 ;
; Auto Gated Clock Conversion                                                ; Off                ; Off                ;
; Block Design Naming                                                        ; Auto               ; Auto               ;
; SDC constraint protection                                                  ; Off                ; Off                ;
; Synthesis Effort                                                           ; Auto               ; Auto               ;
; Shift Register Replacement - Allow Asynchronous Clear Signal               ; On                 ; On                 ;
; Pre-Mapping Resynthesis Optimization                                       ; Off                ; Off                ;
; Analysis & Synthesis Message Level                                         ; Medium             ; Medium             ;
; Disable Register Merging Across Hierarchies                                ; Auto               ; Auto               ;
; Resource Aware Inference For Block RAM                                     ; On                 ; On                 ;
; Synthesis Seed                                                             ; 1                  ; 1                  ;
+----------------------------------------------------------------------------+--------------------+--------------------+


+------------------------------------------+
; Parallel Compilation                     ;
+----------------------------+-------------+
; Processors                 ; Number      ;
+----------------------------+-------------+
; Number detected on machine ; 4           ;
; Maximum allowed            ; 2           ;
;                            ;             ;
; Average used               ; 1.00        ;
; Maximum used               ; 1           ;
;                            ;             ;
; Usage by Processor         ; % Time Used ;
;     Processor 1            ; 100.0%      ;
;     Processors 2-4         ;   0.0%      ;
+----------------------------+-------------+


+-------------------------------------------------------------------------------------------------------------------------------------------------------+
; Analysis & Synthesis Source Files Read                                                                                                                ;
+------------------------------------+-----------------+------------------------------------+-------------------------------------------------+---------+
; File Name with User-Entered Path   ; Used in Netlist ; File Type                          ; File Name with Absolute Path                    ; Library ;
+------------------------------------+-----------------+------------------------------------+-------------------------------------------------+---------+
; ../seg/seg.v                       ; yes             ; User Verilog HDL File              ; M:/UART/RXD _V2/seg/seg.v                       ;         ;
; ../rxd_shift/rxd_shift.v           ; yes             ; User Verilog HDL File              ; M:/UART/RXD _V2/rxd_shift/rxd_shift.v           ;         ;
; ../rxd_parity/rxd_parity.v         ; yes             ; User Verilog HDL File              ; M:/UART/RXD _V2/rxd_parity/rxd_parity.v         ;         ;
; ../rxd_controller/rxd_controller.v ; yes             ; User Verilog HDL File              ; M:/UART/RXD _V2/rxd_controller/rxd_controller.v ;         ;
; ../counter/counter.v               ; yes             ; User Verilog HDL File              ; M:/UART/RXD _V2/counter/counter.v               ;         ;
; ../baud_done/baud_done.v           ; yes             ; User Verilog HDL File              ; M:/UART/RXD _V2/baud_done/baud_done.v           ;         ;
; receiver.bdf                       ; yes             ; User Block Diagram/Schematic File  ; M:/UART/RXD _V2/receiver/receiver.bdf           ;         ;
+------------------------------------+-----------------+------------------------------------+-------------------------------------------------+---------+


+-----------------------------------------------------+
; Analysis & Synthesis Resource Usage Summary         ;
+---------------------------------------------+-------+
; Resource                                    ; Usage ;
+---------------------------------------------+-------+
; Estimated Total logic elements              ; 73    ;
;                                             ;       ;
; Total combinational functions               ; 73    ;
; Logic element usage by number of LUT inputs ;       ;
;     -- 4 input functions                    ; 44    ;
;     -- 3 input functions                    ; 9     ;
;     -- <=2 input functions                  ; 20    ;
;                                             ;       ;
; Logic elements by mode                      ;       ;
;     -- normal mode                          ; 58    ;
;     -- arithmetic mode                      ; 15    ;
;                                             ;       ;
; Total registers                             ; 31    ;
;     -- Dedicated logic registers            ; 31    ;
;     -- I/O registers                        ; 0     ;
;                                             ;       ;
; I/O pins                                    ; 19    ;
; Embedded Multiplier 9-bit elements          ; 0     ;
; Maximum fan-out node                        ; clk   ;
; Maximum fan-out                             ; 31    ;
; Total fan-out                               ; 351   ;
; Average fan-out                             ; 2.85  ;
+---------------------------------------------+-------+


+---------------------------------------------------------------------------------------------------------------------------------------------------------------------------------------+
; Analysis & Synthesis Resource Utilization by Entity                                                                                                                                   ;
+----------------------------+-------------------+--------------+-------------+--------------+---------+-----------+------+--------------+-------------------------------+--------------+
; Compilation Hierarchy Node ; LC Combinationals ; LC Registers ; Memory Bits ; DSP Elements ; DSP 9x9 ; DSP 18x18 ; Pins ; Virtual Pins ; Full Hierarchy Name           ; Library Name ;
+----------------------------+-------------------+--------------+-------------+--------------+---------+-----------+------+--------------+-------------------------------+--------------+
; |receiver                  ; 73 (0)            ; 31 (0)       ; 0           ; 0            ; 0       ; 0         ; 19   ; 0            ; |receiver                     ; work         ;
;    |baud_done:inst6|       ; 20 (20)           ; 12 (12)      ; 0           ; 0            ; 0       ; 0         ; 0    ; 0            ; |receiver|baud_done:inst6     ; work         ;
;    |counter:inst9|         ; 9 (9)             ; 5 (5)        ; 0           ; 0            ; 0       ; 0         ; 0    ; 0            ; |receiver|counter:inst9       ; work         ;
;    |rxd_controller:inst|   ; 7 (7)             ; 4 (4)        ; 0           ; 0            ; 0       ; 0         ; 0    ; 0            ; |receiver|rxd_controller:inst ; work         ;
;    |rxd_parity:inst2|      ; 4 (4)             ; 0 (0)        ; 0           ; 0            ; 0       ; 0         ; 0    ; 0            ; |receiver|rxd_parity:inst2    ; work         ;
;    |rxd_shift:inst8|       ; 19 (19)           ; 10 (10)      ; 0           ; 0            ; 0       ; 0         ; 0    ; 0            ; |receiver|rxd_shift:inst8     ; work         ;
;    |seg:inst1|             ; 7 (7)             ; 0 (0)        ; 0           ; 0            ; 0       ; 0         ; 0    ; 0            ; |receiver|seg:inst1           ; work         ;
;    |seg:inst3|             ; 7 (7)             ; 0 (0)        ; 0           ; 0            ; 0       ; 0         ; 0    ; 0            ; |receiver|seg:inst3           ; work         ;
+----------------------------+-------------------+--------------+-------------+--------------+---------+-----------+------+--------------+-------------------------------+--------------+
Note: For table entries with two numbers listed, the numbers in parentheses indicate the number of resources of the given type used by the specific entity alone. The numbers listed outside of parentheses indicate the total resources of the given type used by the specific entity and all of its sub-entities in the hierarchy.


Encoding Type:  One-Hot
+-----------------------------------------------------------+
; State Machine - |receiver|rxd_controller:inst|p_state     ;
+-----------+-----------+-----------+-----------+-----------+
; Name      ; p_state.S ; p_state.R ; p_state.Q ; p_state.P ;
+-----------+-----------+-----------+-----------+-----------+
; p_state.P ; 0         ; 0         ; 0         ; 0         ;
; p_state.Q ; 0         ; 0         ; 1         ; 1         ;
; p_state.R ; 0         ; 1         ; 0         ; 1         ;
; p_state.S ; 1         ; 0         ; 0         ; 1         ;
+-----------+-----------+-----------+-----------+-----------+


+-------------------------------------------------------------------------------------------------------------+
; User-Specified and Inferred Latches                                                                         ;
+----------------------------------------------------+-------------------------------+------------------------+
; Latch Name                                         ; Latch Enable Signal           ; Free of Timing Hazards ;
+----------------------------------------------------+-------------------------------+------------------------+
; rxd_shift:inst8|data_out1[0]                       ; rxd_controller:inst|p_state.S ; yes                    ;
; rxd_shift:inst8|data_out1[1]                       ; rxd_controller:inst|p_state.S ; yes                    ;
; rxd_shift:inst8|data_out1[2]                       ; rxd_controller:inst|p_state.S ; yes                    ;
; rxd_shift:inst8|data_out1[3]                       ; rxd_controller:inst|p_state.S ; yes                    ;
; rxd_shift:inst8|data_out2[0]                       ; rxd_controller:inst|p_state.S ; yes                    ;
; rxd_shift:inst8|data_out2[1]                       ; rxd_controller:inst|p_state.S ; yes                    ;
; rxd_shift:inst8|data_out2[2]                       ; rxd_controller:inst|p_state.S ; yes                    ;
; rxd_shift:inst8|data_out2[3]                       ; rxd_controller:inst|p_state.S ; yes                    ;
; Number of user-specified and inferred latches = 8  ;                               ;                        ;
+----------------------------------------------------+-------------------------------+------------------------+
Note: All latches listed above may not be present at the end of synthesis due to various synthesis optimizations.


+------------------------------------------------------------+
; Registers Removed During Synthesis                         ;
+---------------------------------------+--------------------+
; Register name                         ; Reason for Removal ;
+---------------------------------------+--------------------+
; rxd_controller:inst|p_state~2         ; Lost fanout        ;
; rxd_controller:inst|p_state~3         ; Lost fanout        ;
; Total Number of Removed Registers = 2 ;                    ;
+---------------------------------------+--------------------+


+------------------------------------------------------+
; General Register Statistics                          ;
+----------------------------------------------+-------+
; Statistic                                    ; Value ;
+----------------------------------------------+-------+
; Total registers                              ; 31    ;
; Number of registers using Synchronous Clear  ; 17    ;
; Number of registers using Synchronous Load   ; 0     ;
; Number of registers using Asynchronous Clear ; 0     ;
; Number of registers using Asynchronous Load  ; 0     ;
; Number of registers using Clock Enable       ; 15    ;
; Number of registers using Preset             ; 0     ;
+----------------------------------------------+-------+


+-----------------------------------------------------------------------------------------------------------------------------------------------------+
; Multiplexer Restructuring Statistics (Restructuring Performed)                                                                                      ;
+--------------------+-----------+---------------+----------------------+------------------------+------------+---------------------------------------+
; Multiplexer Inputs ; Bus Width ; Baseline Area ; Area if Restructured ; Saving if Restructured ; Registered ; Example Multiplexer Output            ;
+--------------------+-----------+---------------+----------------------+------------------------+------------+---------------------------------------+
; 3:1                ; 12 bits   ; 24 LEs        ; 12 LEs               ; 12 LEs                 ; Yes        ; |receiver|baud_done:inst6|p_count[9]  ;
; 3:1                ; 10 bits   ; 20 LEs        ; 10 LEs               ; 10 LEs                 ; Yes        ; |receiver|rxd_shift:inst8|pshift[0]   ;
; 4:1                ; 5 bits    ; 10 LEs        ; 5 LEs                ; 5 LEs                  ; Yes        ; |receiver|counter:inst9|p_cnt[3]      ;
; 3:1                ; 2 bits    ; 4 LEs         ; 4 LEs                ; 0 LEs                  ; No         ; |receiver|rxd_controller:inst|n_state ;
+--------------------+-----------+---------------+----------------------+------------------------+------------+---------------------------------------+


+------------------------------------------------------------------+
; Parameter Settings for User Entity Instance: rxd_controller:inst ;
+----------------+-------+-----------------------------------------+
; Parameter Name ; Value ; Type                                    ;
+----------------+-------+-----------------------------------------+
; P              ; 00    ; Unsigned Binary                         ;
; Q              ; 01    ; Unsigned Binary                         ;
; R              ; 10    ; Unsigned Binary                         ;
; S              ; 11    ; Unsigned Binary                         ;
+----------------+-------+-----------------------------------------+
Note: In order to hide this table in the UI and the text report file, please set the "Show Parameter Settings in Synthesis Report" option in "Analysis and Synthesis Settings -> More Settings" to "Off".


+--------------------------------------------------------------+
; Parameter Settings for User Entity Instance: baud_done:inst6 ;
+----------------+--------------+------------------------------+
; Parameter Name ; Value        ; Type                         ;
+----------------+--------------+------------------------------+
; half_baud      ; 001010001010 ; Unsigned Binary              ;
; my_baud        ; 010100010101 ; Unsigned Binary              ;
+----------------+--------------+------------------------------+
Note: In order to hide this table in the UI and the text report file, please set the "Show Parameter Settings in Synthesis Report" option in "Analysis and Synthesis Settings -> More Settings" to "Off".


+------------------------------------------------------------+
; Parameter Settings for User Entity Instance: counter:inst9 ;
+----------------+-------+-----------------------------------+
; Parameter Name ; Value ; Type                              ;
+----------------+-------+-----------------------------------+
; no_bit         ; 1010  ; Unsigned Binary                   ;
+----------------+-------+-----------------------------------+
Note: In order to hide this table in the UI and the text report file, please set the "Show Parameter Settings in Synthesis Report" option in "Analysis and Synthesis Settings -> More Settings" to "Off".


+-------------------------------+
; Elapsed Time Per Partition    ;
+----------------+--------------+
; Partition Name ; Elapsed Time ;
+----------------+--------------+
; Top            ; 00:00:00     ;
+----------------+--------------+


+-------------------------------+
; Analysis & Synthesis Messages ;
+-------------------------------+
Info: *******************************************************************
Info: Running Quartus II 64-Bit Analysis & Synthesis
    Info: Version 13.0.1 Build 232 06/12/2013 Service Pack 1 SJ Full Version
    Info: Processing started: Mon Dec 07 15:17:17 2015
Info: Command: quartus_map --read_settings_files=on --write_settings_files=off receiver -c receiver
Info (11104): Parallel Compilation has detected 4 hyper-threaded processors. However, the extra hyper-threaded processors will not be used by default. Parallel Compilation will use 2 of the 2 physical processors detected instead.
Info (12021): Found 1 design units, including 1 entities, in source file /uart/rxd _v2/seg/seg.v
    Info (12023): Found entity 1: seg
Info (12021): Found 1 design units, including 1 entities, in source file /uart/rxd _v2/rxd_shift/rxd_shift.v
    Info (12023): Found entity 1: rxd_shift
Info (12021): Found 1 design units, including 1 entities, in source file /uart/rxd _v2/rxd_parity/rxd_parity.v
    Info (12023): Found entity 1: rxd_parity
Info (12021): Found 1 design units, including 1 entities, in source file /uart/rxd _v2/rxd_controller/rxd_controller.v
    Info (12023): Found entity 1: rxd_controller
Info (12021): Found 1 design units, including 1 entities, in source file /uart/rxd _v2/counter/counter.v
    Info (12023): Found entity 1: counter
Info (12021): Found 1 design units, including 1 entities, in source file /uart/rxd _v2/baud_done/baud_done.v
    Info (12023): Found entity 1: baud_done
Info (12021): Found 1 design units, including 1 entities, in source file receiver.bdf
    Info (12023): Found entity 1: receiver
Warning (10227): Verilog HDL Port Declaration warning at seg.v(6): data type declaration for "data_out" declares packed dimensions but the port declaration declaration does not
Info (10499): HDL info at seg.v(3): see declaration for object "data_out"
Info (12127): Elaborating entity "receiver" for the top level hierarchy
Info (12128): Elaborating entity "rxd_parity" for hierarchy "rxd_parity:inst2"
Warning (10235): Verilog HDL Always Construct warning at rxd_parity.v(26): variable "parity_check" is read inside the Always Construct but isn't in the Always Construct's Event Control
Info (12128): Elaborating entity "rxd_controller" for hierarchy "rxd_controller:inst"
Warning (10235): Verilog HDL Always Construct warning at rxd_controller.v(54): variable "data_in" is read inside the Always Construct but isn't in the Always Construct's Event Control
Warning (10235): Verilog HDL Always Construct warning at rxd_controller.v(97): variable "data_in" is read inside the Always Construct but isn't in the Always Construct's Event Control
Info (12128): Elaborating entity "baud_done" for hierarchy "baud_done:inst6"
Info (12128): Elaborating entity "counter" for hierarchy "counter:inst9"
Info (12128): Elaborating entity "rxd_shift" for hierarchy "rxd_shift:inst8"
Warning (10235): Verilog HDL Always Construct warning at rxd_shift.v(38): variable "load" is read inside the Always Construct but isn't in the Always Construct's Event Control
Warning (10235): Verilog HDL Always Construct warning at rxd_shift.v(40): variable "data" is read inside the Always Construct but isn't in the Always Construct's Event Control
Warning (10235): Verilog HDL Always Construct warning at rxd_shift.v(41): variable "data" is read inside the Always Construct but isn't in the Always Construct's Event Control
Warning (10230): Verilog HDL assignment warning at rxd_shift.v(44): truncated value with size 12 to match size of target (10)
Warning (10240): Verilog HDL Always Construct warning at rxd_shift.v(32): inferring latch(es) for variable "data_out1", which holds its previous value in one or more paths through the always construct
Warning (10240): Verilog HDL Always Construct warning at rxd_shift.v(32): inferring latch(es) for variable "data_out2", which holds its previous value in one or more paths through the always construct
Info (10041): Inferred latch for "data_out2[0]" at rxd_shift.v(38)
Info (10041): Inferred latch for "data_out2[1]" at rxd_shift.v(38)
Info (10041): Inferred latch for "data_out2[2]" at rxd_shift.v(38)
Info (10041): Inferred latch for "data_out2[3]" at rxd_shift.v(38)
Info (10041): Inferred latch for "data_out1[0]" at rxd_shift.v(38)
Info (10041): Inferred latch for "data_out1[1]" at rxd_shift.v(38)
Info (10041): Inferred latch for "data_out1[2]" at rxd_shift.v(38)
Info (10041): Inferred latch for "data_out1[3]" at rxd_shift.v(38)
Info (12128): Elaborating entity "seg" for hierarchy "seg:inst1"
Info (17049): 2 registers lost all their fanouts during netlist optimizations.
Info (16010): Generating hard_block partition "hard_block:auto_generated_inst"
    Info (16011): Adding 0 node(s), including 0 DDIO, 0 PLL, 0 transceiver and 0 LCELL
Info (21057): Implemented 92 device resources after synthesis - the final resource count might be different
    Info (21058): Implemented 3 input pins
    Info (21059): Implemented 16 output pins
    Info (21061): Implemented 73 logic cells
Info: Quartus II 64-Bit Analysis & Synthesis was successful. 0 errors, 10 warnings
    Info: Peak virtual memory: 453 megabytes
    Info: Processing ended: Mon Dec 07 15:17:38 2015
    Info: Elapsed time: 00:00:21
    Info: Total CPU time (on all processors): 00:00:02


