EDA Netlist Writer report for seg
Thu Dec 10 16:57:13 2015
Quartus II 64-Bit Version 13.0.1 Build 232 06/12/2013 Service Pack 1 SJ Full Version


---------------------
; Table of Contents ;
---------------------
  1. Legal Notice
  2. EDA Netlist Writer Summary
  3. EDA Netlist Writer Messages



----------------
; Legal Notice ;
----------------
Copyright (C) 1991-2013 Altera Corporation
Your use of Altera Corporation's design tools, logic functions 
and other software and tools, and its AMPP partner logic 
functions, and any output files from any of the foregoing 
(including device programming or simulation files), and any 
associated documentation or information are expressly subject 
to the terms and conditions of the Altera Program License 
Subscription Agreement, Altera MegaCore Function License 
Agreement, or other applicable license agreement, including, 
without limitation, that your use is for the sole purpose of 
programming logic devices manufactured by Altera and sold by 
Altera or its authorized distributors.  Please refer to the 
applicable agreement for further details.



+---------------------------------------------------------------+
; EDA Netlist Writer Summary                                    ;
+---------------------------+-----------------------------------+
; EDA Netlist Writer Status ; Failed - Thu Dec 10 16:57:13 2015 ;
; Revision Name             ; seg                               ;
; Top-level Entity Name     ; seg                               ;
; Family                    ; Cyclone II                        ;
+---------------------------+-----------------------------------+


+-----------------------------+
; EDA Netlist Writer Messages ;
+-----------------------------+
Info: *******************************************************************
Info: Running Quartus II 64-Bit EDA Netlist Writer
    Info: Version 13.0.1 Build 232 06/12/2013 Service Pack 1 SJ Full Version
    Info: Processing started: Thu Dec 10 16:57:13 2015
Info: Command: quartus_eda --gen_testbench --check_outputs=on --tool=modelsim_oem --format=verilog seg -c seg --vector_source="H:/Liverpool/ELEC373/IRDA/RXD _V2/seg/Waveform.vwf" --testbench_file=./simulation/qsim/seg.vt
Error (201009): Bus port "data_in" specified in vector source file has width of 11, which does not match width 10 of top level port of same name
Warning (201007): Can't find port "data_in[10]" in design
Error (201009): Bus port "data_in" specified in vector source file has width of 11, which does not match width 10 of top level port of same name
Warning (201007): Can't find port "data_in[10]" in design
Error (201009): Bus port "data_in" specified in vector source file has width of 11, which does not match width 10 of top level port of same name
Warning (201007): Can't find port "data_in[10]" in design
Info (201000): Generated Verilog Test Bench File ./simulation/qsim/seg.vt for simulation
Error: Quartus II 64-Bit EDA Netlist Writer was unsuccessful. 3 errors, 3 warnings
    Error: Peak virtual memory: 407 megabytes
    Error: Processing ended: Thu Dec 10 16:57:13 2015
    Error: Elapsed time: 00:00:00
    Error: Total CPU time (on all processors): 00:00:00


